0.991944332415
0.00636663260462
0.0877900257799
0.11885824832
1.0
0.999995279525
0.999999977842
3.85315637042e-05
0.999975542319
1.97881202992e-06
0.00338493793179
0.999999987322
1.39368899638e-17
0.999999971544
2.43313556739e-17
0.0316301286122
0.995982369659
0.999982220362
5.10815668934e-09
0.9943334064
0.998288313054
0.999999963668
0.000188395627255
0.999951838162
2.85410224337e-05
1.42450200654e-07
0.000737684030283
0.999999997849
0.976250068594
0.605090599097
4.87812093684e-07
0.155758965032
0.00168597361102
0.0089782332787
0.999999999991
7.22922584246e-07
0.996800712148
0.999999989385
5.37752634758e-07
7.27178007884e-08
0.999977570311
7.89782534776e-09
7.25851907886e-05
5.61976528022e-10
1.0
0.999999997837
0.000120106294642
1.0
0.983030700775
2.30017225172e-06
4.87812093684e-07
1.37046240182e-07
0.000188395627255
0.999999992055
0.00600495278218
0.999917036821
0.997009125245
0.999928780757
0.998041212701
2.37566548416e-06
4.16323044249e-05
3.49085890172e-09
0.000138968456605
9.41174562017e-10
0.999999988264
0.970007392618
0.00304910335822
1.0
3.95621125204e-16
1.37135975732e-16
0.973284440509
0.999999953306
0.999999994273
0.999925610274
0.999991483623
0.885231804146
0.999990549177
0.0150013316326
0.999999999922
0.600153154297
0.000148255679056
0.000493161033396
0.00111043334807
1.99013217161e-06
0.999999992926
4.77878519339e-17
1.36474582816e-17
0.999997706155
1.20487166407e-09
0.999999999974
3.91662181146e-05
1.0
0.999999999884
4.71860401033e-05
0.000188395627255
1.0
0.995753725306
0.00103486593244
1.96719725117e-05
0.000743028779735
0.999999999972
5.27621368115e-06
0.000770577972991
0.156500728881
4.05367168259e-06
0.00198881318701
0.00111043334807
0.996933563551
2.97915215617e-08
0.999999999184
1.0
3.91662181146e-05
4.58708509814e-07
0.000743028779735
8.96698672362e-05
0.99896113331
1.0
0.996472069002
8.16796769616e-08
0.860607528471
0.000786351987552
0.97795316713
0.999999462873
3.8563009175e-05
9.24779320213e-06
0.0337915392939
0.982491319968
0.950491008211
0.999999972633
0.480389663089
4.87812093684e-07
0.999999995864
0.0759212679669
0.999998728202
0.999999999083
4.87812093684e-07
2.61481656771e-06
0.00198128080976
0.533864895062
1.05392117043e-09
0.0157500454461
3.61302321909e-05
0.000252008939502
8.54596550304e-10
0.000749232008339
0.972369129862
0.0343066209601
7.01897175066e-05
0.999998160017
4.52546055638e-05
2.15327940632e-05
0.00074986921085
4.51830267348e-05
0.999996779424
0.985225098375
0.999995285265
0.872135169304
0.000646659294953
0.0044995210602
2.34396114692e-09
0.0022198941744
2.26515831902e-05
1.12522973395e-18
0.999999813737
0.986858685229
1.0
0.999999968398
6.05328150253e-05
8.34235372857e-05
0.000122361661532
2.21710259876e-07
6.63159286963e-17
5.74463915268e-05
1.61842116649e-08
1.0
0.00018240178066
0.985188897652
1.74278845834e-05
0.994726663475
0.986462722937
0.999999999999
0.989136518296
2.17282622218e-07
2.89379336764e-06
3.5732777274e-05
4.69091619684e-06
3.23089690486e-05
8.92524860144e-06
1.0
3.91662181146e-05
0.000443158406395
1.77333838527e-10
0.0126946818473
0.999999999854
3.91662181146e-05
6.3062383657e-06
8.15326498967e-07
4.53735067707e-09
0.999999928418
1.05276548916e-07
0.999546844324
0.000120568979576
0.0711147619595
1.73288862781e-07
0.0436967789692
0.141857360688
0.999998135707
1.31670373752e-05
0.168262754809
0.00889879802697
0.999999999991
0.999979717386
0.875592442246
0.999999999992
0.999999941989
1.0
0.999992115387
3.35393680409e-10
1.35250923038e-12
0.00761299678287
2.88093049803e-14
0.0512585202891
0.0149005281712
5.70828174665e-05
0.999023194137
4.36469120589e-11
3.73168251953e-19
0.550282615744
0.00333363624616
0.999999945061
0.00504526288939
5.14849666519e-06
0.990846482286
0.999999999994
0.999759109687
0.999901066258
3.91662181146e-05
0.999978034195
0.0238084373251
1.77727375471e-08
3.91662181146e-05
3.91662181146e-05
0.000188395627255
0.999999998104
0.999942275594
0.0214150605656
2.37993279779e-11
0.999726962262
1.99550268326e-06
0.00037516717374
0.00012843397066
4.72270120336e-08
0.999999979119
0.999999997243
0.00010476911996
8.22131278032e-06
2.22355273032e-05
0.999985234448
0.0089782332787
0.99999818802
0.999975892883
0.831118951297
0.999999960444
2.89405905535e-07
0.607866695005
0.999999154285
1.70042573736e-06
7.28816640806e-08
0.103677243042
0.999999999992
0.999999985644
0.00281575545444
7.53947247437e-07
0.533864895062
3.35478534843e-07
6.92941365409e-16
3.91662181146e-05
0.999999606364
0.921833589143
0.725519167854
0.999999975286
0.279746630274
1.55589019655e-05
0.00257223697951
0.00371234731967
0.524532932198
1.99550268326e-06
5.26268065968e-08
0.000209907069676
0.0367959124407
1.0
1.0
2.12117595454e-07
0.99064147275
0.00412135092596
0.999868776139
8.16796769616e-08
1.12522973395e-18
0.999999269765
3.45321859692e-08
4.54151385973e-05
1.16147792023e-05
4.50739804296e-06
0.0111702917377
1.0
0.874671936032
6.1686452228e-07
0.00158885389365
0.064311654881
0.409031047156
0.999999999333
0.9642554961
3.91662181146e-05
0.999999154285
0.763791293181
0.999889693268
0.000997632240191
2.75508906555e-07
0.00073701479209
0.872135169304
6.55415329772e-07
0.00017129911499
0.218436070499
8.41014724487e-05
1.6181178636e-05
1.06441333168e-06
3.31291892029e-09
0.000188395627255
8.44842287522e-08
0.00514127679051
0.999706382288
4.83772603534e-05
0.999999999999
1.0
4.87812093684e-07
0.000672487296372
0.999706382288
0.000148916540651
0.73079224056
0.0077569034652
0.000209907069676
0.148308271967
4.50221332146e-05
8.31726692361e-06
0.999987555209
1.39821050141e-06
4.16323044249e-05
4.87812093684e-07
0.405598642089
0.999999983614
3.91662181146e-05
0.99897774076
0.823298446908
7.39016166362e-08
0.802288336934
3.88409994939e-06
8.33566053778e-05
0.97795316713
0.0877900257799
0.00135434635746
0.9999937284
4.87812093684e-07
1.0
1.49381195717e-17
0.999998638876
0.0357833304248
0.00107063979739
1.02469282897e-05
0.99896113331
1.0
0.0326976890912
3.25758032157e-07
6.03834247423e-06
0.999999999922
0.351764012856
0.999962910653
0.0297535057428
8.54359104606e-06
0.0014134870986
2.39588276153e-06
1.39813558041e-08
0.999999999985
0.999999999548
0.00912581445432
1.0
5.92979952217e-09
4.10476847829e-16
1.13680147102e-18
0.147603195386
2.89405905535e-07
1.17516327021e-07
4.65754890142e-05
1.82931293384e-16
0.00145407437343
1.25855785704e-05
0.000209907069676
0.999999990335
0.884153833422
0.99999998902
0.999960206407
0.223352638049
1.85036507026e-06
0.999784571357
0.00054837106116
0.954391363503
0.999999991149
0.999578726332
6.76929029576e-05
0.692248910134
7.78944621226e-10
0.00301387932215
5.5004058702e-06
4.87812093684e-07
4.03983345417e-10
9.71220416837e-10
5.21196884424e-11
0.874671936032
0.00158885389365
4.32660866314e-08
0.999999290652
0.999948978842
0.141857360688
0.000116608119554
3.84111012084e-09
0.000209907069676
7.51016152176e-05
1.30489538421e-05
0.00257223697951
0.00151068337078
0.999984869227
7.11882702183e-09
0.999999986801
0.999999999942
9.40587246916e-11
9.85704017869e-06
0.561758793991
1.67267080563e-05
4.04569014114e-09
4.87812093684e-07
0.997230869768
0.648305445789
2.57880905628e-06
1.0
5.32609354266e-09
0.999999961579
0.000225703980339
1.60859067711e-05
1.0
9.85704017869e-06
3.29480856507e-05
0.999726459666
0.000298916069165
2.91700729642e-07
0.000264729930996
0.995897498918
1.0
3.54750961127e-07
0.10727354026
4.87812093684e-07
0.00133030088758
0.925596885585
6.05328150253e-05
1.0
0.995521782703
0.0598429495997
5.51519529874e-05
0.0702900203848
0.999999999997
0.999940744469
0.999251128241
0.963531170402
0.999999982784
0.000121498989371
0.000439377773042
0.000188395627255
1.99550268326e-06
0.994483440904
0.926510853461
0.999999999991
2.58341432884e-05
4.32660866314e-08
0.000111789031105
0.999999662286
0.449561007966
0.00265552545112
3.86479016705e-09
0.00348377008086
0.000497736716171
0.999999997973
1.23746459297e-08
1.45149047388e-06
0.0512276891888
0.225308570416
1.40422277214e-08
0.999999966261
0.999979131302
0.496944293292
0.000342917611711
7.94098921087e-08
0.00416204394582
0.838627902543
8.16796769616e-08
0.0137294385117
0.466017377657
4.84473105983e-05
0.00904306093811
0.00976621732259
0.000267887831996
0.0653069450636
0.57848263658
2.25552782299e-08
0.999979320557
6.03834247423e-06
0.975058247331
0.998191602915
1.48037382654e-08
0.00305573417727
0.999999959437
2.11915495836e-07
0.999281555778
4.0731852185e-08
4.87812093684e-07
0.00574837523177
0.99999999899
0.999999999597
0.9852390748
9.20992222353e-15
2.01450360327e-17
2.42552302184e-19
0.997009125245
1.0
0.0024535571522
0.00257223697951
3.91662181146e-05
0.339859064549
4.87812093684e-07
3.91662181146e-05
0.999759006098
0.93762967556
0.999999999667
0.999969976397
3.9963937443e-07
8.39704310315e-07
5.92775804159e-08
0.999987555209
7.60937076052e-09
1.0
1.89533390948e-19
0.999965038698
3.83062283814e-07
4.87812093684e-07
0.931914799175
7.5909163327e-05
1.0482053572e-06
7.13881255783e-10
0.000178873403986
0.00366366363487
1.0
3.43632359829e-05
0.497016772005
6.60892993602e-06
3.15042354319e-07
8.0855851505e-09
0.997450261933
3.91662181146e-05
3.91662181146e-05
4.11360680469e-10
0.000188395627255
0.00396999954709
0.999999269765
0.999999999995
9.97698093012e-08
0.00278836267397
3.55248449396e-06
0.00111043334807
0.340610456798
0.999998973229
1.05420974173e-05
0.00545388707547
0.999999354403
0.0225018421873
0.00113883355157
0.000877509618712
0.999988260856
0.995753725306
0.999965038698
1.21374264448e-06
0.999999999999
1.9357017643e-06
0.91494598154
0.0221274257803
0.146534804441
0.999915713484
0.000130586500239
0.872135169304
0.999999940563
0.000180842327622
6.19887386781e-08
6.64126435938e-11
1.30489538421e-05
0.996800712148
0.999984885022
0.00158885389365
9.65511938221e-06
0.980144460556
4.92321025183e-20
0.0518794504338
0.00564799824354
0.737621025174
0.000413808076925
0.999999941989
0.00309035812579
0.999999269765
0.99984939085
0.000158176867583
0.713895148979
0.00366858104225
3.13959669542e-06
0.000519188560065
0.00189964745488
3.33748543358e-05
2.40552047368e-08
0.958247260199
0.0307339077841
6.28163890069e-10
0.999999868708
4.87812093684e-07
0.999999998953
0.982491319968
7.53930940084e-06
6.84476192373e-17
7.7348883867e-07
7.43844921195e-19
0.996858618464
0.993552198847
8.87938204668e-05
9.39232105402e-12
0.999999999999
0.0227274632766
3.91662181146e-05
1.0
9.63785915487e-05
2.96545877468e-13
0.00362483045467
4.75358886932e-08
5.42146720537e-05
4.87812093684e-07
3.79196846001e-06
0.999977855347
0.000194420904423
0.000125850450837
0.00453659012281
9.63285259544e-06
4.87812093684e-07
0.000362503855176
4.87812093684e-07
0.00016567640811
0.00861826166187
0.999998339941
0.999999999997
0.99999818364
0.0249388652363
0.997874749232
3.37146439155e-09
7.58020011728e-06
7.86865330538e-08
2.24337749365e-06
1.92703156907e-08
0.00165090168082
0.999999457371
3.41622870969e-06
1.1974508838e-07
1.13438481251e-06
1.42949951887e-07
3.23124720985e-06
1.43402880112e-10
0.961813271777
0.73116778791
8.16796769616e-08
0.999954149994
1.24390320691e-05
0.0012323571783
0.00794657373019
0.000480873722158
0.999999999997
5.07741800057e-07
0.000242192550298
2.72069865166e-06
4.75358886932e-08
0.99999999679
0.000390848918366
0.000167583958766
1.17895908448e-06
0.000188395627255
1.61684579781e-07
4.87812093684e-07
0.0010368192367
0.00099417778417
1.0
0.0675806396192
0.999999999991
0.000480873722158
0.991886370859
0.044537318483
8.44285212515e-06
5.26290105465e-09
0.984675785176
0.45050823968
0.999922845093
4.94047098146e-09
0.999999999994
1.0
3.91662181146e-05
3.91662181146e-05
0.000661980924049
7.90772865563e-09
0.146534804441
3.39177947942e-08
0.910164458824
0.999999996772
0.999999966261
1.29613207381e-17
0.00207557434222
2.71842549341e-06
1.0
0.999999966261
2.89379336764e-06
0.00219271113809
0.000181039956144
0.999999154285
1.41766959748e-05
6.7547305725e-09
0.000409795470124
9.14856334795e-07
2.69550241908e-11
0.0434573899771
7.14859506944e-07
0.000178873403986
0.999884684147
0.000178873403986
6.05328150253e-05
0.496944293292
7.53947247437e-07
0.999977315954
2.85202660574e-11
0.999999768458
0.994726663475
2.05261671625e-10
0.881334299998
4.06714051104e-05
5.19912467691e-08
0.999994531895
0.833380039397
1.38343080243e-05
1.22585074879e-11
1.0
0.0144808743979
0.00137139648996
0.0465965257873
1.0
0.00545388707547
7.76497851768e-07
0.840553178578
0.999999999654
0.0725229246361
3.3989806955e-11
0.000124901339884
0.999999985644
0.00111043334807
2.92711165782e-07
0.123894295675
0.00592358165102
0.999999996992
0.989402155742
0.0103552719441
7.21215811666e-05
2.54233356818e-09
0.0370616393963
0.0066652402954
1.70042573736e-06
4.46682110019e-09
0.000479142957295
0.000121849885615
5.3241213522e-08
0.999999988264
3.1494234752e-05
0.00813551136453
4.82864042347e-05
0.999999892474
0.452215624919
4.59272680194e-05
6.38362006791e-07
2.78013782906e-08
3.91662181146e-05
9.55023606295e-10
3.91662181146e-05
0.867199109614
0.312898549571
1.12522973395e-18
1.9527296668e-05
1.88733523362e-07
0.999929426301
1.0
6.22410442643e-05
1.0
0.000211787130986
3.24626024554e-08
0.872135169304
0.000555587378043
0.705123984904
3.3272295487e-05
0.99999853384
0.0526979343842
0.999999154285
1.0
0.000480873722158
0.996933563551
0.00120865293526
4.36625347792e-06
0.000178873403986
0.000188395627255
1.67159247757e-10
0.881334299998
6.73702413246e-05
4.04769120909e-07
0.000484617154577
0.0877900257799
4.87812093684e-07
1.045815174e-06
0.00100768235129
1.0
0.000188395627255
1.39685562133e-09
0.999752992593
0.872135169304
0.99618071361
0.999978986897
0.35922340252
0.999999982502
4.88086740794e-21
0.999822921544
3.81260154041e-05
0.999999979119
0.999989829091
0.999997206684
4.87812093684e-07
4.49890290148e-07
0.00682891822498
1.39224044852e-05
3.91662181146e-05
0.0526803308397
0.998665308148
0.0975256709392
3.91662181146e-05
3.33748543358e-05
0.189483432578
0.000177026424854
0.999801675256
1.0
0.872135169304
0.000188395627255
0.815129830878
0.996208852504
1.71790150428e-06
7.21395547575e-15
0.000480873722158
0.514887854491
0.466017377657
0.999998329054
0.999849818625
0.999999999933
0.998969789279
0.999999999976
6.47079471169e-08
0.00781281056435
4.84238541207e-06
0.999999999999
0.995796351058
4.48374241952e-08
3.5317535969e-05
9.74722373009e-05
0.941911919382
0.105658429715
5.99185728541e-06
0.797995532429
8.21656716477e-08
0.0013311699543
0.979079109504
0.999999212836
0.999999861427
0.205322674426
8.92524860144e-06
4.87812093684e-07
0.00267423759318
0.0380665157759
1.06964120871e-05
1.52373062389e-18
1.56063511816e-07
0.999999942148
1.19657861808e-08
1.12522973395e-18
1.91245739117e-06
0.550756645449
1.0
6.03157577915e-18
6.21764607992e-07
6.59139146009e-06
0.999999906285
1.0
0.963531170402
5.18051545272e-09
0.872135169304
0.182662822958
0.999999154285
0.965984400955
0.999999943377
0.999998382792
2.05261671625e-10
2.05857474971e-07
0.000480873722158
0.999967806725
1.0
5.40581189749e-05
0.780790250782
0.00599208512148
0.000276434284198
5.13967921534e-18
0.999999999129
0.00122354700317
0.93497199964
0.999999995065
0.0276776663166
0.302810139768
0.496944293292
0.999999995146
0.999964013302
0.991199181568
0.00010369530682
1.1115993299e-07
0.324578537095
0.999999767698
1.8034879953e-05
4.41424622872e-07
0.501003551242
0.999998677818
0.993016800568
0.999999999697
0.999999999998
3.33748543358e-05
0.0024535571522
4.32660866314e-08
0.000366764273816
3.0216685683e-08
0.999106304121
2.52174030434e-05
0.999999269765
0.000288544651795
1.0
3.91662181146e-05
0.000282445123413
0.00978498622371
0.0569887517099
0.999999966261
2.04908430373e-16
0.999999988264
3.91662181146e-05
0.999450035458
6.96468774608e-06
4.87812093684e-07
0.0199832597497
2.61481656771e-06
0.992367902411
0.999995562185
0.0877900257799
0.87906540521
3.91662181146e-05
0.999999999998
0.995521782703
0.00127188636959
0.99999979153
3.34255284557e-09
0.9999640242
0.693877320072
0.999928854634
0.000209907069676
0.000947085608797
6.05328150253e-05
6.18525928117e-05
1.22059253108e-16
5.568486547e-06
0.00257223697951
0.00840435407354
1.89868098988e-07
4.26705735706e-11
4.22629659909e-18
0.0262762596704
0.996971107306
0.99999999899
0.965853390526
0.99999818802
Accuracy:  0.891
